>>> main.py started <<<
>>> main.py started <<<
>>> main.py started <<<
>>> main.py started <<<
>>> main.py started <<<
>>> main.py started <<<
>>> main.py started <<<
DEBUG >>> redirect_uri = http://127.0.0.1:8001/auth/google/callback
>>> main.py started <<<
>>> main.py started <<<
>>> main.py started <<<
DEBUG >>> redirect_uri = http://127.0.0.1:8001/auth/google/callback
>>> main.py started <<<
DEBUG >>> redirect_uri = http://127.0.0.1:8001/auth/google/callback
DEBUG >>> redirect_uri = http://127.0.0.1:8001/auth/google/callback
>>> main.py started <<<
>>> main.py started <<<
>>> main.py started <<<
DEBUG >>> redirect_uri = http://127.0.0.1:8001/auth/google/callback
DEBUG >>> redirect_uri = http://127.0.0.1:8001/auth/google/callback
>>> main.py started <<<
>>> main.py started <<<
>>> main.py started <<<
>>> main.py started <<<
>>> main.py started <<<
>>> main.py started <<<
>>> main.py started <<<
>>> main.py started <<<
>>> main.py started <<<
>>> Registered routes:
/openapi.json
/docs
/docs/oauth2-redirect
/redoc
/login/google
/auth/google/callback
/me
/logout
/logout/google
/users/me
/users/me
/users/{user_id}/boards/
/users/{user_id}/boards/
/users/{user_id}/boards/{board_id}
/users/{user_id}/boards/{board_id}
/users/{user_id}/boards/{board_id}
/upload
/folders/
/folders/
/folders/{folder_id}/boards
/folders/{folder_id}
/folders/{folder_id}/boards
/folders/{folder_id}
/folders/{folder_id}
/folders/tree
/static
/
/ping
>>> main.py started <<<
>>> Registered routes:
/openapi.json
/docs
/docs/oauth2-redirect
/redoc
/login/google
/auth/google/callback
/me
/logout
/logout/google
/users/me
/users/me
/users/{user_id}/boards/
/users/{user_id}/boards/
/users/{user_id}/boards/{board_id}
/users/{user_id}/boards/{board_id}
/users/{user_id}/boards/{board_id}
/upload
/folders/
/folders/
/folders/{folder_id}/boards
/folders/{folder_id}
/folders/{folder_id}/boards
/folders/{folder_id}
/folders/{folder_id}
/folders/tree
/static
/
/ping
>>> main.py started <<<
>>> Registered routes:
/openapi.json
/docs
/docs/oauth2-redirect
/redoc
/login/google
/auth/google/callback
/me
/logout
/logout/google
/users/me
/users/me
/users/{user_id}/boards/
/users/{user_id}/boards/
/users/{user_id}/boards/{board_id}
/users/{user_id}/boards/{board_id}
/users/{user_id}/boards/{board_id}
/upload
/folders/
/folders/
/folders/{folder_id}/boards
/folders/{folder_id}
/folders/{folder_id}/boards
/folders/{folder_id}
/folders/{folder_id}
/folders/tree
/static
/
/ping
>>> main.py started <<<
>>> Registered routes:
/openapi.json
/docs
/docs/oauth2-redirect
/redoc
/login/google
/auth/google/callback
/me
/logout
/logout/google
/users/me
/users/me
/users/{user_id}/boards/
/users/{user_id}/boards/
/users/{user_id}/boards/{board_id}
/users/{user_id}/boards/{board_id}
/users/{user_id}/boards/{board_id}
/upload
/folders/
/folders/
/folders/{folder_id}/boards
/folders/{folder_id}
/folders/{folder_id}/boards
/folders/{folder_id}
/folders/{folder_id}
/folders/tree
/static
/
/ping
>>> main.py started <<<
>>> Registered routes:
/openapi.json
/docs
/docs/oauth2-redirect
/redoc
/login/google
/auth/google/callback
/me
/logout
/logout/google
/users/me
/users/me
/users/{user_id}/boards/
/users/{user_id}/boards/
/users/{user_id}/boards/{board_id}
/users/{user_id}/boards/{board_id}
/users/{user_id}/boards/{board_id}
/upload
/folders/
/folders/
/folders/{folder_id}/boards
/folders/{folder_id}
/folders/{folder_id}/boards
/folders/{folder_id}
/folders/{folder_id}
/folders/tree
/static
/
/ping
>>> main.py started <<<
>>> Registered routes:
/openapi.json
/docs
/docs/oauth2-redirect
/redoc
/login/google
/auth/google/callback
/me
/logout
/logout/google
/users/me
/users/me
/users/{user_id}/boards/
/users/{user_id}/boards/
/users/{user_id}/boards/{board_id}
/users/{user_id}/boards/{board_id}
/users/{user_id}/boards/{board_id}
/upload
/folders/
/folders/
/folders/{folder_id}/boards
/folders/{folder_id}
/folders/{folder_id}/boards
/folders/{folder_id}
/folders/{folder_id}
/folders/tree
/static
/
/ping
>>> main.py started <<<
>>> Registered routes:
/openapi.json
/docs
/docs/oauth2-redirect
/redoc
/login/google
/auth/google/callback
/me
/logout
/logout/google
/users/me
/users/me
/users/{user_id}/boards/
/users/{user_id}/boards/
/users/{user_id}/boards/{board_id}
/users/{user_id}/boards/{board_id}
/users/{user_id}/boards/{board_id}
/upload
/folders/
/folders/
/folders/{folder_id}/boards
/folders/{folder_id}
/folders/{folder_id}/boards
/folders/{folder_id}
/folders/{folder_id}
/folders/tree
/static
/
/ping
>>> main.py started <<<
>>> Registered routes:
/openapi.json
/docs
/docs/oauth2-redirect
/redoc
/login/google
/auth/google/callback
/me
/logout
/logout/google
/users/me
/users/me
/users/{user_id}/boards/
/users/{user_id}/boards/
/users/{user_id}/boards/{board_id}
/users/{user_id}/boards/{board_id}
/users/{user_id}/boards/{board_id}
/upload
/folders/
/folders/
/folders/{folder_id}/boards
/folders/{folder_id}
/folders/{folder_id}/boards
/folders/{folder_id}
/folders/{folder_id}
/folders/tree
/static
/
/ping
>>> main.py started <<<
>>> Registered routes:
/openapi.json
/docs
/docs/oauth2-redirect
/redoc
/login/google
/auth/google/callback
/me
/logout
/logout/google
/users/me
/users/me
/users/{user_id}/boards/
/users/{user_id}/boards/
/users/{user_id}/boards/{board_id}
/users/{user_id}/boards/{board_id}
/users/{user_id}/boards/{board_id}
/upload
/folders/
/folders/
/folders/{folder_id}/boards
/folders/{folder_id}
/folders/{folder_id}/boards
/folders/{folder_id}
/folders/{folder_id}
/folders/tree
/static
/
/ping
>>> main.py started <<<
>>> Registered routes:
/openapi.json
/docs
/docs/oauth2-redirect
/redoc
/login/google
/auth/google/callback
/me
/logout
/logout/google
/users/me
/users/me
/users/{user_id}/boards/
/users/{user_id}/boards/
/users/{user_id}/boards/{board_id}
/users/{user_id}/boards/{board_id}
/users/{user_id}/boards/{board_id}
/upload
/folders/
/folders/
/folders/{folder_id}/boards
/folders/{folder_id}
/folders/{folder_id}/boards
/folders/{folder_id}
/folders/{folder_id}
/folders/tree
/static
/
/ping
>>> main.py started <<<
>>> Registered routes:
/openapi.json
/docs
/docs/oauth2-redirect
/redoc
/login/google
/auth/google/callback
/me
/logout
/logout/google
/users/me
/users/me
/users/{user_id}/boards/
/users/{user_id}/boards/
/users/{user_id}/boards/{board_id}
/users/{user_id}/boards/{board_id}
/users/{user_id}/boards/{board_id}
/upload
/folders/
/folders/
/folders/{folder_id}/boards
/folders/{folder_id}
/folders/{folder_id}/boards
/folders/{folder_id}
/folders/{folder_id}
/folders/tree
/static
/
/ping
>>> main.py started <<<
>>> Registered routes:
/openapi.json
/docs
/docs/oauth2-redirect
/redoc
/login/google
/auth/google/callback
/me
/logout
/logout/google
/users/me
/users/me
/users/{user_id}/boards/
/users/{user_id}/boards/
/users/{user_id}/boards/{board_id}
/users/{user_id}/boards/{board_id}
/users/{user_id}/boards/{board_id}
/upload
/folders/
/folders/
/folders/{folder_id}/boards
/folders/{folder_id}
/folders/{folder_id}/boards
/folders/{folder_id}
/folders/{folder_id}
/folders/tree
/static
/
/ping
>>> main.py started <<<
>>> main.py started <<<
[Scheduler] Started subscription expiration job.
>>> main.py started <<<
[Scheduler] Started subscription expiration job.
>>> main.py started <<<
[Scheduler] Started subscription expiration job.
>>> main.py started <<<
[Scheduler] Started subscription expiration job.
>>> main.py started <<<
[Scheduler] Started subscription expiration job.
>>> main.py started <<<
[Scheduler] Started subscription expiration job.
>>> main.py started <<<
[Scheduler] Started subscription expiration job.
>>> main.py started <<<
[Scheduler] Started subscription expiration job.
>>> main.py started <<<
[Scheduler] Started subscription expiration job.
>>> main.py started <<<
[Scheduler] Started subscription expiration job.
DEBUG >>> redirect_uri = http://127.0.0.1:8001/auth/google/callback
DEBUG >>> redirect_uri = http://127.0.0.1:8001/auth/google/callback
>>> main.py started <<<
[Scheduler] Started subscription expiration job.
>>> main.py started <<<
[Scheduler] Started subscription expiration job.
>>> main.py started <<<
[Scheduler] Started subscription expiration job.
>>> main.py started <<<
[Scheduler] Started subscription expiration job.
>>> main.py started <<<
[Scheduler] Started subscription expiration job.
>>> main.py started <<<
[Scheduler] Started subscription expiration job.
>>> main.py started <<<
[Scheduler] Started subscription expiration job.
>>> main.py started <<<
[Scheduler] Started subscription expiration job.
>>> main.py started <<<
[Scheduler] Started subscription expiration job.
>>> main.py started <<<
[Scheduler] Started subscription expiration job.
>>> main.py started <<<
[Scheduler] Started subscription expiration job.
>>> main.py started <<<
[Scheduler] Started subscription expiration job.
>>> main.py started <<<
[Scheduler] Started subscription expiration job.
>>> main.py started <<<
[Scheduler] Started subscription expiration job.
>>> main.py started <<<
[Scheduler] Started subscription expiration job.
>>> main.py started <<<
[Scheduler] Started subscription expiration job.
>>> main.py started <<<
[Scheduler] Started subscription expiration job.
